2026-05-14T14:28:40.0248803Z,Updating submodules.,d5454c0a-c926-48f9-8d5b-36046f7ac4a2,0
2026-05-14T14:28:41.1867544Z,Preparing deployment for commit id 'b25ee7c3-5'.,eec171d8-857c-44ed-881c-5ffec73b1161,0
2026-05-14T14:28:41.5426197Z,PreDeployment: context.CleanOutputPath False,745283b2-3aa6-4a2d-8a2f-0d9647f061ec,0
2026-05-14T14:28:41.7100874Z,PreDeployment: context.OutputPath /home/site/wwwroot,29750074-c845-48aa-a7f5-943e05185b7b,0
2026-05-14T14:28:41.8810092Z,Running build. Project type: OneDeploy,aa8b8540-7cd7-49c8-be93-ecda07cc4684,0
2026-05-14T14:28:42.0189212Z,Copying the manifest,553733cc-d047-4a3e-971f-6c4428e9589b,0
2026-05-14T14:28:42.2177997Z,Running deployment command...,01483de5-4536-4433-8bdc-56d224b914be,0
	2026-05-14T14:28:42.2383042Z,Command: /opt/Kudu/Scripts/parallel_rsync.sh /tmp/zipdeploy/extracted /home/site/wwwroot 8 /tmp/ False False  ,,0
	2026-05-14T14:28:42.3929211Z,Run rsync from: /tmp/zipdeploy/extracted/ to: /home/site/wwwroot/ in 8 parallel threads,,0
	2026-05-14T14:28:42.4821697Z,Delete options: clean=False&comma; use manifest=False&comma; directory to ignore=,,0
	2026-05-14T14:28:42.5754364Z,Prev manifest = /home/site/deployments/db509385-9fb0-46ef-8cbd-33061c74e880/manifest and next /home/site/deployments/b25ee7c3-5001-4229-9e64-fa802ca374f2/manifest,,0
	2026-05-14T14:28:42.7917722Z,Cleaning up /tmp//filelist.txt and /tmp//splits,,0
	2026-05-14T14:28:43.0251394Z,Creating a list of all files at /tmp//filelist.txt,,0
	2026-05-14T14:28:43.1831934Z,No directory to exclude.,,0
	2026-05-14T14:28:43.3494233Z,Created /tmp//filelist.txt. Total number of files to be synced = 13.,,0
	2026-05-14T14:28:43.4025322Z,Created batches from the list of files. Processing 2 files in each thread,,0
	2026-05-14T14:28:43.4604618Z,Running rsync for filelist /tmp//splits/split.aa from /tmp/zipdeploy/extracted/ to /home/site/wwwroot/,,0
	2026-05-14T14:28:43.5194013Z,Running rsync for filelist /tmp//splits/split.ab from /tmp/zipdeploy/extracted/ to /home/site/wwwroot/,,0
	2026-05-14T14:28:43.5909710Z,Running rsync for filelist /tmp//splits/split.ac from /tmp/zipdeploy/extracted/ to /home/site/wwwroot/,,0
	2026-05-14T14:28:43.6080898Z,Running rsync for filelist /tmp//splits/split.ae from /tmp/zipdeploy/extracted/ to /home/site/wwwroot/,,0
	2026-05-14T14:28:43.6316615Z,Running rsync for filelist /tmp//splits/split.af from /tmp/zipdeploy/extracted/ to /home/site/wwwroot/,,0
	2026-05-14T14:28:43.6724354Z,Running rsync for filelist /tmp//splits/split.ad from /tmp/zipdeploy/extracted/ to /home/site/wwwroot/,,0
	2026-05-14T14:28:43.7263993Z,Running rsync for filelist /tmp//splits/split.ag from /tmp/zipdeploy/extracted/ to /home/site/wwwroot/,,0
	2026-05-14T14:28:43.7546042Z,,,0
	2026-05-14T14:28:43.7773983Z,Number of files: 2 (reg: 2),,0
	2026-05-14T14:28:43.7952980Z,Number of created files: 0,,0
	2026-05-14T14:28:43.8211833Z,Number of deleted files: 0,,0
	2026-05-14T14:28:43.8404800Z,Number of regular files transferred: 0,,0
	2026-05-14T14:28:43.8525667Z,Total file size: 3.13K bytes,,0
	2026-05-14T14:28:43.8929418Z,Total transferred file size: 0 bytes,,0
	2026-05-14T14:28:43.9324571Z,Literal data: 0 bytes,,0
	2026-05-14T14:28:43.9516213Z,Matched data: 0 bytes,,0
	2026-05-14T14:28:43.9729578Z,File list size: 0,,0
	2026-05-14T14:28:43.9902233Z,File list generation time: 0.001 seconds,,0
	2026-05-14T14:28:44.0095335Z,File list transfer time: 0.000 seconds,,0
	2026-05-14T14:28:44.0393917Z,Total bytes sent: 136,,0
	2026-05-14T14:28:44.0609871Z,Total bytes received: 22,,0
	2026-05-14T14:28:44.0806753Z,,,0
	2026-05-14T14:28:44.0930026Z,sent 136 bytes  received 22 bytes  316.00 bytes/sec,,0
	2026-05-14T14:28:44.1107801Z,total size is 3.13K  speedup is 19.84,,0
	2026-05-14T14:28:44.1300461Z,Attempt 1: Rsync for filelist /tmp//splits/split.ac completed with exit code 0,,0
	2026-05-14T14:28:44.1606512Z,,,0
	2026-05-14T14:28:44.1706973Z,Number of files: 2 (reg: 2),,0
	2026-05-14T14:28:44.1808511Z,Number of created files: 0,,0
	2026-05-14T14:28:44.2081772Z,Number of deleted files: 0,,0
	2026-05-14T14:28:44.2211686Z,Number of regular files transferred: 0,,0
	2026-05-14T14:28:44.2503529Z,Total file size: 13.53K bytes,,0
	2026-05-14T14:28:44.2808166Z,Total transferred file size: 0 bytes,,0
	2026-05-14T14:28:44.3087285Z,Literal data: 0 bytes,,0
	2026-05-14T14:28:44.3278659Z,Matched data: 0 bytes,,0
	2026-05-14T14:28:44.3585417Z,File list size: 0,,0
	2026-05-14T14:28:44.3722658Z,File list generation time: 0.018 seconds,,0
	2026-05-14T14:28:44.3991146Z,File list transfer time: 0.000 seconds,,0
	2026-05-14T14:28:44.4198762Z,Total bytes sent: 139,,0
	2026-05-14T14:28:44.4398082Z,Total bytes received: 22,,0
	2026-05-14T14:28:44.4605262Z,,,0
	2026-05-14T14:28:44.4814019Z,sent 139 bytes  received 22 bytes  322.00 bytes/sec,,0
	2026-05-14T14:28:44.5569555Z,total size is 13.53K  speedup is 84.05,,0
	2026-05-14T14:28:44.6158517Z,Attempt 1: Rsync for filelist /tmp//splits/split.ab completed with exit code 0,,0
	2026-05-14T14:28:44.6651435Z,,,0
	2026-05-14T14:28:44.7019479Z,Number of files: 4 (reg: 2&comma; dir: 2),,0
	2026-05-14T14:28:44.7399279Z,Number of created files: 0,,0
	2026-05-14T14:28:44.7996567Z,Number of deleted files: 0,,0
	2026-05-14T14:28:44.8382886Z,Number of regular files transferred: 0,,0
	2026-05-14T14:28:44.8777414Z,Total file size: 1.29K bytes,,0
	2026-05-14T14:28:44.9808601Z,Total transferred file size: 0 bytes,,0
	2026-05-14T14:28:45.0485445Z,Literal data: 0 bytes,,0
	2026-05-14T14:28:45.1089237Z,Matched data: 0 bytes,,0
	2026-05-14T14:28:45.2562258Z,File list size: 0,,0
	2026-05-14T14:28:45.5221128Z,File list generation time: 0.001 seconds,,0
	2026-05-14T14:28:45.5441420Z,File list transfer time: 0.000 seconds,,0
	2026-05-14T14:28:45.5635933Z,Total bytes sent: 205,,0
	2026-05-14T14:28:45.5824954Z,Total bytes received: 28,,0
	2026-05-14T14:28:45.5945623Z,,,0
	2026-05-14T14:28:45.6118063Z,sent 205 bytes  received 28 bytes  466.00 bytes/sec,,0
	2026-05-14T14:28:45.6333270Z,total size is 1.29K  speedup is 5.52,,0
	2026-05-14T14:28:45.6526806Z,Attempt 1: Rsync for filelist /tmp//splits/split.aa completed with exit code 0,,0
	2026-05-14T14:28:45.6738363Z,,,0
	2026-05-14T14:28:45.6871668Z,Number of files: 3 (reg: 2&comma; dir: 1),,0
	2026-05-14T14:28:45.7041663Z,Number of created files: 0,,0
	2026-05-14T14:28:45.7343358Z,Number of deleted files: 0,,0
	2026-05-14T14:28:45.7733900Z,Number of regular files transferred: 0,,0
	2026-05-14T14:28:45.8140493Z,Total file size: 6.74K bytes,,0
	2026-05-14T14:28:45.8340865Z,Total transferred file size: 0 bytes,,0
	2026-05-14T14:28:45.8501078Z,Literal data: 0 bytes,,0
	2026-05-14T14:28:45.8722676Z,Matched data: 0 bytes,,0
	2026-05-14T14:28:45.8932106Z,File list size: 0,,0
	2026-05-14T14:28:45.9195060Z,File list generation time: 0.006 seconds,,0
	2026-05-14T14:28:45.9431678Z,File list transfer time: 0.000 seconds,,0
	2026-05-14T14:28:45.9631183Z,Total bytes sent: 170,,0
	2026-05-14T14:28:45.9895724Z,Total bytes received: 25,,0
	2026-05-14T14:28:46.0096211Z,,,0
	2026-05-14T14:28:46.0215435Z,sent 170 bytes  received 25 bytes  390.00 bytes/sec,,0
	2026-05-14T14:28:46.0410531Z,total size is 6.74K  speedup is 34.56,,0
	2026-05-14T14:28:46.0585338Z,Attempt 1: Rsync for filelist /tmp//splits/split.ad completed with exit code 0,,0
	2026-05-14T14:28:46.0805459Z,,,0
	2026-05-14T14:28:46.1028623Z,Number of files: 3 (reg: 2&comma; dir: 1),,0
	2026-05-14T14:28:46.1229209Z,Number of created files: 0,,0
	2026-05-14T14:28:46.1402242Z,Number of deleted files: 0,,0
	2026-05-14T14:28:46.1682361Z,Number of regular files transferred: 0,,0
	2026-05-14T14:28:46.1798338Z,Total file size: 4.17K bytes,,0
	2026-05-14T14:28:46.1962414Z,Total transferred file size: 0 bytes,,0
	2026-05-14T14:28:46.2223550Z,Literal data: 0 bytes,,0
	2026-05-14T14:28:46.2411077Z,Matched data: 0 bytes,,0
	2026-05-14T14:28:46.2699621Z,File list size: 0,,0
	2026-05-14T14:28:46.3230974Z,File list generation time: 0.001 seconds,,0
	2026-05-14T14:28:46.3428381Z,File list transfer time: 0.000 seconds,,0
	2026-05-14T14:28:46.3596308Z,Total bytes sent: 171,,0
	2026-05-14T14:28:46.3827360Z,Total bytes received: 25,,0
	2026-05-14T14:28:46.4005669Z,,,0
	2026-05-14T14:28:46.4115800Z,sent 171 bytes  received 25 bytes  392.00 bytes/sec,,0
	2026-05-14T14:28:46.4335548Z,total size is 4.17K  speedup is 21.26,,0
	2026-05-14T14:28:46.4515160Z,Attempt 1: Rsync for filelist /tmp//splits/split.ae completed with exit code 0,,0
	2026-05-14T14:28:46.4809395Z,,,0
	2026-05-14T14:28:46.4946674Z,Number of files: 1 (reg: 1),,0
	2026-05-14T14:28:46.5112579Z,Number of created files: 0,,0
	2026-05-14T14:28:46.5305675Z,Number of deleted files: 0,,0
	2026-05-14T14:28:46.5505617Z,Number of regular files transferred: 0,,0
	2026-05-14T14:28:46.5706616Z,Total file size: 103 bytes,,0
	2026-05-14T14:28:46.5920100Z,Total transferred file size: 0 bytes,,0
	2026-05-14T14:28:46.6118446Z,Literal data: 0 bytes,,0
	2026-05-14T14:28:46.6335900Z,Matched data: 0 bytes,,0
	2026-05-14T14:28:46.6510089Z,File list size: 0,,0
	2026-05-14T14:28:46.6771541Z,File list generation time: 0.001 seconds,,0
	2026-05-14T14:28:46.6896773Z,File list transfer time: 0.000 seconds,,0
	2026-05-14T14:28:46.7169262Z,Total bytes sent: 115,,0
	2026-05-14T14:28:46.7359919Z,Total bytes received: 19,,0
	2026-05-14T14:28:46.7514165Z,,,0
	2026-05-14T14:28:46.7636864Z,sent 115 bytes  received 19 bytes  268.00 bytes/sec,,0
	2026-05-14T14:28:46.7858495Z,total size is 103  speedup is 0.77,,0
	2026-05-14T14:28:46.8066762Z,Attempt 1: Rsync for filelist /tmp//splits/split.ag completed with exit code 0,,0
	2026-05-14T14:28:46.8273248Z,,,0
	2026-05-14T14:28:46.8432731Z,Number of files: 2 (reg: 2),,0
	2026-05-14T14:28:46.8569889Z,Number of created files: 0,,0
	2026-05-14T14:28:46.8763558Z,Number of deleted files: 0,,0
	2026-05-14T14:28:46.8958382Z,Number of regular files transferred: 0,,0
	2026-05-14T14:28:46.9142797Z,Total file size: 6.45K bytes,,0
	2026-05-14T14:28:46.9346237Z,Total transferred file size: 0 bytes,,0
	2026-05-14T14:28:46.9565138Z,Literal data: 0 bytes,,0
	2026-05-14T14:28:46.9755657Z,Matched data: 0 bytes,,0
	2026-05-14T14:28:46.9959879Z,File list size: 0,,0
	2026-05-14T14:28:47.0145270Z,File list generation time: 0.001 seconds,,0
	2026-05-14T14:28:47.0361535Z,File list transfer time: 0.000 seconds,,0
	2026-05-14T14:28:47.0607222Z,Total bytes sent: 138,,0
	2026-05-14T14:28:47.0844708Z,Total bytes received: 22,,0
	2026-05-14T14:28:47.1036695Z,,,0
	2026-05-14T14:28:47.1166043Z,sent 138 bytes  received 22 bytes  320.00 bytes/sec,,0
	2026-05-14T14:28:47.1317146Z,total size is 6.45K  speedup is 40.31,,0
	2026-05-14T14:28:47.1600101Z,Attempt 1: Rsync for filelist /tmp//splits/split.af completed with exit code 0,,0
	2026-05-14T14:28:47.1821039Z,Completed successfully in 1 seconds,,0
2026-05-14T14:28:47.3305439Z,Build completed succesfully.,fdfa8885-ba72-45b8-8e69-24cf72fc5654,0
2026-05-14T14:28:47.4447889Z,Running post deployment command(s)...,634534b9-1b56-4012-89a7-86888e7145c9,0
2026-05-14T14:28:47.6173483Z,Triggering container recycle for OneDeploy by adding/updating restartTrigger.txt to the site root path,9a444569-84c6-4463-87c2-2d8aa881f1d6,0
2026-05-14T14:28:47.8676727Z,Deployment successful. deployer = OneDeploy deploymentPath = OneDeploy,80610a6c-4353-459b-94b2-7c33b280d277,0
