2026-05-14T15:22:12.7645062Z,Updating submodules.,5a6cdd37-87f8-4ac1-8b42-9b5a7ec5739b,0
2026-05-14T15:22:14.2839539Z,Preparing deployment for commit id '5d6ad0b7-b'.,eb4cbfca-231d-4232-8f33-abb0615637df,0
2026-05-14T15:22:14.9049377Z,PreDeployment: context.CleanOutputPath False,7f6dd8e1-878b-4687-bff4-f60951906ac1,0
2026-05-14T15:22:15.2313669Z,PreDeployment: context.OutputPath /home/site/wwwroot,fdd3ca29-7bfb-4b47-b854-a23c97b7c868,0
2026-05-14T15:22:15.5900820Z,Running build. Project type: OneDeploy,833775d2-7258-49db-9188-6093c595b562,0
2026-05-14T15:22:15.8352043Z,Copying the manifest,dd262817-91b1-4d2a-92b8-b883aa7a2f9e,0
2026-05-14T15:22:16.1958380Z,Running deployment command...,985a2a52-91e0-48df-9f16-78e1e01491a2,0
	2026-05-14T15:22:16.2744343Z,Command: /opt/Kudu/Scripts/parallel_rsync.sh /tmp/zipdeploy/extracted /home/site/wwwroot 8 /tmp/ False False  ,,0
	2026-05-14T15:22:17.0717287Z,Run rsync from: /tmp/zipdeploy/extracted/ to: /home/site/wwwroot/ in 8 parallel threads,,0
	2026-05-14T15:22:17.1914110Z,Delete options: clean=False&comma; use manifest=False&comma; directory to ignore=,,0
	2026-05-14T15:22:17.4074575Z,Prev manifest = /opt/Kudu/Scripts/firstDeploymentManifest and next /home/site/deployments/5d6ad0b7-b57e-4c68-b949-1b739e7b6707/manifest,,0
	2026-05-14T15:22:17.6843692Z,Cleaning up /tmp//filelist.txt and /tmp//splits,,0
	2026-05-14T15:22:17.8314441Z,Creating a list of all files at /tmp//filelist.txt,,0
	2026-05-14T15:22:18.1456630Z,No directory to exclude.,,0
	2026-05-14T15:22:18.6422593Z,Created /tmp//filelist.txt. Total number of files to be synced = 13.,,0
	2026-05-14T15:22:18.9187554Z,Created batches from the list of files. Processing 2 files in each thread,,0
	2026-05-14T15:22:19.0754233Z,Running rsync for filelist /tmp//splits/split.aa from /tmp/zipdeploy/extracted/ to /home/site/wwwroot/,,0
	2026-05-14T15:22:19.1654918Z,Running rsync for filelist /tmp//splits/split.ab from /tmp/zipdeploy/extracted/ to /home/site/wwwroot/,,0
	2026-05-14T15:22:19.2157364Z,Running rsync for filelist /tmp//splits/split.ac from /tmp/zipdeploy/extracted/ to /home/site/wwwroot/,,0
	2026-05-14T15:22:19.2757802Z,Running rsync for filelist /tmp//splits/split.ad from /tmp/zipdeploy/extracted/ to /home/site/wwwroot/,,0
	2026-05-14T15:22:19.3724989Z,Running rsync for filelist /tmp//splits/split.ae from /tmp/zipdeploy/extracted/ to /home/site/wwwroot/,,0
	2026-05-14T15:22:19.4317783Z,,,0
	2026-05-14T15:22:19.5333323Z,Number of files: 4 (reg: 2&comma; dir: 2),,0
	2026-05-14T15:22:19.5907329Z,Number of created files: 0,,0
	2026-05-14T15:22:19.6391476Z,Number of deleted files: 0,,0
	2026-05-14T15:22:19.6811143Z,Number of regular files transferred: 0,,0
	2026-05-14T15:22:19.8180181Z,Total file size: 1.29K bytes,,0
	2026-05-14T15:22:19.8782265Z,Total transferred file size: 0 bytes,,0
	2026-05-14T15:22:19.9366605Z,Literal data: 0 bytes,,0
	2026-05-14T15:22:19.9888692Z,Matched data: 0 bytes,,0
	2026-05-14T15:22:20.0871366Z,File list size: 0,,0
	2026-05-14T15:22:20.1446390Z,File list generation time: 0.009 seconds,,0
	2026-05-14T15:22:20.1843901Z,File list transfer time: 0.000 seconds,,0
	2026-05-14T15:22:20.2237919Z,Total bytes sent: 207,,0
	2026-05-14T15:22:20.3301530Z,Total bytes received: 28,,0
	2026-05-14T15:22:20.3992337Z,,,0
	2026-05-14T15:22:20.4889793Z,sent 207 bytes  received 28 bytes  156.67 bytes/sec,,0
	2026-05-14T15:22:20.5476670Z,total size is 1.29K  speedup is 5.48,,0
	2026-05-14T15:22:20.5872362Z,Attempt 1: Rsync for filelist /tmp//splits/split.aa completed with exit code 0,,0
	2026-05-14T15:22:20.6720625Z,,,0
	2026-05-14T15:22:20.7220621Z,Number of files: 3 (reg: 2&comma; dir: 1),,0
	2026-05-14T15:22:20.8307728Z,Number of created files: 0,,0
	2026-05-14T15:22:20.9000580Z,Number of deleted files: 0,,0
	2026-05-14T15:22:20.9754917Z,Number of regular files transferred: 0,,0
	2026-05-14T15:22:21.0513092Z,Total file size: 6.16K bytes,,0
	2026-05-14T15:22:21.2512895Z,Total transferred file size: 0 bytes,,0
	2026-05-14T15:22:21.7726518Z,Literal data: 0 bytes,,0
	2026-05-14T15:22:21.8409659Z,Matched data: 0 bytes,,0
	2026-05-14T15:22:21.8994011Z,File list size: 0,,0
	2026-05-14T15:22:21.9660482Z,File list generation time: 0.181 seconds,,0
	2026-05-14T15:22:22.0573030Z,File list transfer time: 0.000 seconds,,0
	2026-05-14T15:22:22.2029781Z,Total bytes sent: 168,,0
	2026-05-14T15:22:22.2448515Z,Total bytes received: 25,,0
	2026-05-14T15:22:22.3547668Z,,,0
	2026-05-14T15:22:22.5586753Z,sent 168 bytes  received 25 bytes  386.00 bytes/sec,,0
	2026-05-14T15:22:22.6958176Z,total size is 6.16K  speedup is 31.92,,0
	2026-05-14T15:22:22.8845393Z,Attempt 1: Rsync for filelist /tmp//splits/split.ad completed with exit code 0,,0
	2026-05-14T15:22:23.1492586Z,Running rsync for filelist /tmp//splits/split.af from /tmp/zipdeploy/extracted/ to /home/site/wwwroot/,,0
	2026-05-14T15:22:23.3527719Z,Running rsync for filelist /tmp//splits/split.ag from /tmp/zipdeploy/extracted/ to /home/site/wwwroot/,,0
	2026-05-14T15:22:23.7092104Z,,,0
	2026-05-14T15:22:23.9945394Z,Number of files: 2 (reg: 2),,0
	2026-05-14T15:22:24.1605740Z,Number of created files: 0,,0
	2026-05-14T15:22:24.4514241Z,Number of deleted files: 0,,0
	2026-05-14T15:22:24.5771168Z,Number of regular files transferred: 1,,0
	2026-05-14T15:22:24.7037204Z,Total file size: 706 bytes,,0
	2026-05-14T15:22:24.7448975Z,Total transferred file size: 67 bytes,,0
	2026-05-14T15:22:24.8058863Z,Literal data: 67 bytes,,0
	2026-05-14T15:22:24.9031155Z,Matched data: 0 bytes,,0
	2026-05-14T15:22:24.9733201Z,File list size: 0,,0
	2026-05-14T15:22:25.0355974Z,File list generation time: 0.006 seconds,,0
	2026-05-14T15:22:25.2121447Z,File list transfer time: 0.000 seconds,,0
	2026-05-14T15:22:25.3189623Z,Total bytes sent: 254,,0
	2026-05-14T15:22:25.4287953Z,Total bytes received: 38,,0
	2026-05-14T15:22:25.5575422Z,,,0
	2026-05-14T15:22:25.6146124Z,sent 254 bytes  received 38 bytes  584.00 bytes/sec,,0
	2026-05-14T15:22:25.6948839Z,total size is 706  speedup is 2.42,,0
	2026-05-14T15:22:25.8155421Z,,,0
	2026-05-14T15:22:25.9050047Z,Number of files: 2 (reg: 2),,0
	2026-05-14T15:22:26.0228815Z,Number of created files: 1 (reg: 1),,0
	2026-05-14T15:22:26.1137871Z,Number of deleted files: 0,,0
	2026-05-14T15:22:26.2970075Z,Number of regular files transferred: 1,,0
	2026-05-14T15:22:26.3766269Z,Total file size: 14.22K bytes,,0
	2026-05-14T15:22:26.4550893Z,Total transferred file size: 753 bytes,,0
	2026-05-14T15:22:26.7458746Z,Literal data: 753 bytes,,0
	2026-05-14T15:22:26.8449709Z,Matched data: 0 bytes,,0
	2026-05-14T15:22:26.9336126Z,File list size: 0,,0
	2026-05-14T15:22:27.0476446Z,File list generation time: 0.136 seconds,,0
	2026-05-14T15:22:27.1170269Z,File list transfer time: 0.000 seconds,,0
	2026-05-14T15:22:27.1952661Z,Total bytes sent: 645,,0
	2026-05-14T15:22:27.2451491Z,Total bytes received: 38,,0
	2026-05-14T15:22:27.3620589Z,,,0
	2026-05-14T15:22:27.3994562Z,sent 645 bytes  received 38 bytes  455.33 bytes/sec,,0
	2026-05-14T15:22:27.4793324Z,total size is 14.22K  speedup is 20.82,,0
	2026-05-14T15:22:27.5382976Z,Attempt 1: Rsync for filelist /tmp//splits/split.ab completed with exit code 0,,0
	2026-05-14T15:22:27.6085625Z,Attempt 1: Rsync for filelist /tmp//splits/split.ac completed with exit code 0,,0
	2026-05-14T15:22:27.6745677Z,,,0
	2026-05-14T15:22:27.7158240Z,Number of files: 3 (reg: 2&comma; dir: 1),,0
	2026-05-14T15:22:27.7869765Z,Number of created files: 0,,0
	2026-05-14T15:22:27.8725567Z,Number of deleted files: 0,,0
	2026-05-14T15:22:27.9049960Z,Number of regular files transferred: 0,,0
	2026-05-14T15:22:27.9449605Z,Total file size: 317 bytes,,0
	2026-05-14T15:22:28.0120232Z,Total transferred file size: 0 bytes,,0
	2026-05-14T15:22:28.0412708Z,Literal data: 0 bytes,,0
	2026-05-14T15:22:28.0904101Z,Matched data: 0 bytes,,0
	2026-05-14T15:22:28.1821851Z,File list size: 0,,0
	2026-05-14T15:22:28.4479207Z,File list generation time: 0.001 seconds,,0
	2026-05-14T15:22:28.6987588Z,File list transfer time: 0.000 seconds,,0
	2026-05-14T15:22:28.8187894Z,Total bytes sent: 168,,0
	2026-05-14T15:22:28.9170131Z,Total bytes received: 25,,0
	2026-05-14T15:22:29.0080394Z,,,0
	2026-05-14T15:22:29.1245577Z,sent 168 bytes  received 25 bytes  386.00 bytes/sec,,0
	2026-05-14T15:22:29.3688679Z,total size is 317  speedup is 1.64,,0
	2026-05-14T15:22:29.4167299Z,Attempt 1: Rsync for filelist /tmp//splits/split.af completed with exit code 0,,0
	2026-05-14T15:22:29.4684263Z,,,0
	2026-05-14T15:22:29.5254377Z,Number of files: 3 (reg: 2&comma; dir: 1),,0
	2026-05-14T15:22:29.9440566Z,Number of created files: 0,,0
	2026-05-14T15:22:30.2179634Z,Number of deleted files: 0,,0
	2026-05-14T15:22:30.5216585Z,Number of regular files transferred: 0,,0
	2026-05-14T15:22:31.1437729Z,Total file size: 7.23K bytes,,0
	2026-05-14T15:22:31.7736483Z,Total transferred file size: 0 bytes,,0
	2026-05-14T15:22:32.0289195Z,Literal data: 0 bytes,,0
	2026-05-14T15:22:32.5380928Z,Matched data: 0 bytes,,0
	2026-05-14T15:22:32.9626974Z,File list size: 0,,0
	2026-05-14T15:22:33.3967760Z,File list generation time: 0.028 seconds,,0
	2026-05-14T15:22:33.6128645Z,File list transfer time: 0.000 seconds,,0
	2026-05-14T15:22:33.7760547Z,Total bytes sent: 176,,0
	2026-05-14T15:22:34.1947631Z,Total bytes received: 25,,0
	2026-05-14T15:22:34.7026160Z,,,0
	2026-05-14T15:22:35.0819506Z,sent 176 bytes  received 25 bytes  402.00 bytes/sec,,0
	2026-05-14T15:22:35.6210442Z,total size is 7.23K  speedup is 35.96,,0
	2026-05-14T15:22:35.9307910Z,Attempt 1: Rsync for filelist /tmp//splits/split.ae completed with exit code 0,,0
	2026-05-14T15:22:36.1606504Z,,,0
	2026-05-14T15:22:36.4542357Z,Number of files: 1 (reg: 1),,0
	2026-05-14T15:22:36.8317758Z,Number of created files: 0,,0
	2026-05-14T15:22:36.8900824Z,Number of deleted files: 0,,0
	2026-05-14T15:22:37.0808790Z,Number of regular files transferred: 0,,0
	2026-05-14T15:22:37.4068503Z,Total file size: 103 bytes,,0
	2026-05-14T15:22:37.7649921Z,Total transferred file size: 0 bytes,,0
	2026-05-14T15:22:38.0906059Z,Literal data: 0 bytes,,0
	2026-05-14T15:22:38.3967696Z,Matched data: 0 bytes,,0
	2026-05-14T15:22:38.8398206Z,File list size: 0,,0
	2026-05-14T15:22:39.1602122Z,File list generation time: 0.035 seconds,,0
	2026-05-14T15:22:39.3697942Z,File list transfer time: 0.000 seconds,,0
	2026-05-14T15:22:39.6584778Z,Total bytes sent: 115,,0
	2026-05-14T15:22:39.8149718Z,Total bytes received: 19,,0
	2026-05-14T15:22:40.0022066Z,,,0
	2026-05-14T15:22:40.0976210Z,sent 115 bytes  received 19 bytes  89.33 bytes/sec,,0
	2026-05-14T15:22:40.3175061Z,total size is 103  speedup is 0.77,,0
	2026-05-14T15:22:40.4391704Z,Attempt 1: Rsync for filelist /tmp//splits/split.ag completed with exit code 0,,0
	2026-05-14T15:22:40.5355455Z,Completed successfully in 2 seconds,,0
2026-05-14T15:22:42.9149882Z,Build completed succesfully.,515fbd22-8f28-4778-a745-6aba13cb2ca8,0
2026-05-14T15:22:43.8940615Z,Running post deployment command(s)...,5763be92-a17e-473c-ba00-00387cf6a7eb,0
2026-05-14T15:22:44.5079701Z,Triggering container recycle for OneDeploy by adding/updating restartTrigger.txt to the site root path,7a568bed-6cc1-4f4e-b14b-4f6a0f1fe447,0
2026-05-14T15:22:45.3245057Z,Deployment successful. deployer = OneDeploy deploymentPath = OneDeploy,4018d944-f247-4aa6-aecb-75fe31a72675,0
