2026-05-14T14:24:10.2923223Z,Updating submodules.,53cf6a13-aa01-4f13-9377-9deeb1c12d04,0
2026-05-14T14:24:11.4449142Z,Preparing deployment for commit id 'db509385-9'.,0e2f2ee6-3f82-401b-af6e-676424cc4d4c,0
2026-05-14T14:24:11.7709380Z,PreDeployment: context.CleanOutputPath False,bb31c39a-2a53-44ec-af86-52331d00b3b8,0
2026-05-14T14:24:11.8876938Z,PreDeployment: context.OutputPath /home/site/wwwroot,cd453734-8a86-4011-bdec-b6d4ea3fcdb4,0
2026-05-14T14:24:12.0309981Z,Running build. Project type: OneDeploy,5936ea63-3e62-4c9a-8f11-1ee8499a50ba,0
2026-05-14T14:24:12.1454676Z,Copying the manifest,e3fc5eef-faab-4b7f-9e91-eedee5b07e81,0
2026-05-14T14:24:12.3665274Z,Running deployment command...,804043fe-87fc-41e5-9e4c-a1d73516fc17,0
	2026-05-14T14:24:12.4144305Z,Command: /opt/Kudu/Scripts/parallel_rsync.sh /tmp/zipdeploy/extracted /home/site/wwwroot 8 /tmp/ False False  ,,0
	2026-05-14T14:24:12.5898026Z,Run rsync from: /tmp/zipdeploy/extracted/ to: /home/site/wwwroot/ in 8 parallel threads,,0
	2026-05-14T14:24:12.6278311Z,Delete options: clean=False&comma; use manifest=False&comma; directory to ignore=,,0
	2026-05-14T14:24:12.6691504Z,Prev manifest = /opt/Kudu/Scripts/firstDeploymentManifest and next /home/site/deployments/db509385-9fb0-46ef-8cbd-33061c74e880/manifest,,0
	2026-05-14T14:24:12.7468047Z,Cleaning up /tmp//filelist.txt and /tmp//splits,,0
	2026-05-14T14:24:12.8749105Z,Creating a list of all files at /tmp//filelist.txt,,0
	2026-05-14T14:24:12.9830260Z,No directory to exclude.,,0
	2026-05-14T14:24:13.1128231Z,Created /tmp//filelist.txt. Total number of files to be synced = 13.,,0
	2026-05-14T14:24:13.2191799Z,Created batches from the list of files. Processing 2 files in each thread,,0
	2026-05-14T14:24:13.3396183Z,Running rsync for filelist /tmp//splits/split.ab from /tmp/zipdeploy/extracted/ to /home/site/wwwroot/,,0
	2026-05-14T14:24:13.4907525Z,Running rsync for filelist /tmp//splits/split.aa from /tmp/zipdeploy/extracted/ to /home/site/wwwroot/,,0
	2026-05-14T14:24:13.5305549Z,Running rsync for filelist /tmp//splits/split.ac from /tmp/zipdeploy/extracted/ to /home/site/wwwroot/,,0
	2026-05-14T14:24:13.6446462Z,Running rsync for filelist /tmp//splits/split.ad from /tmp/zipdeploy/extracted/ to /home/site/wwwroot/,,0
	2026-05-14T14:24:13.6634404Z,Running rsync for filelist /tmp//splits/split.ae from /tmp/zipdeploy/extracted/ to /home/site/wwwroot/,,0
	2026-05-14T14:24:13.7022009Z,Running rsync for filelist /tmp//splits/split.af from /tmp/zipdeploy/extracted/ to /home/site/wwwroot/,,0
	2026-05-14T14:24:13.7829913Z,Running rsync for filelist /tmp//splits/split.ag from /tmp/zipdeploy/extracted/ to /home/site/wwwroot/,,0
	2026-05-14T14:24:13.8459331Z,,,0
	2026-05-14T14:24:13.8642787Z,Number of files: 1 (reg: 1),,0
	2026-05-14T14:24:13.8776024Z,Number of created files: 1 (reg: 1),,0
	2026-05-14T14:24:13.9024244Z,Number of deleted files: 0,,0
	2026-05-14T14:24:13.9239497Z,Number of regular files transferred: 1,,0
	2026-05-14T14:24:13.9710283Z,Total file size: 103 bytes,,0
	2026-05-14T14:24:13.9922976Z,Total transferred file size: 103 bytes,,0
	2026-05-14T14:24:14.0085063Z,Literal data: 103 bytes,,0
	2026-05-14T14:24:14.0230749Z,Matched data: 0 bytes,,0
	2026-05-14T14:24:14.0337341Z,File list size: 0,,0
	2026-05-14T14:24:14.0469758Z,File list generation time: 0.001 seconds,,0
	2026-05-14T14:24:14.0599069Z,File list transfer time: 0.000 seconds,,0
	2026-05-14T14:24:14.0739104Z,Total bytes sent: 246,,0
	2026-05-14T14:24:14.0835527Z,Total bytes received: 35,,0
	2026-05-14T14:24:14.0977624Z,,,0
	2026-05-14T14:24:14.1095675Z,sent 246 bytes  received 35 bytes  562.00 bytes/sec,,0
	2026-05-14T14:24:14.1208379Z,total size is 103  speedup is 0.37,,0
	2026-05-14T14:24:14.1324101Z,Attempt 1: Rsync for filelist /tmp//splits/split.ag completed with exit code 0,,0
	2026-05-14T14:24:14.1497316Z,,,0
	2026-05-14T14:24:14.1579811Z,Number of files: 4 (reg: 2&comma; dir: 2),,0
	2026-05-14T14:24:14.1689794Z,Number of created files: 4 (reg: 2&comma; dir: 2),,0
	2026-05-14T14:24:14.1771687Z,Number of deleted files: 0,,0
	2026-05-14T14:24:14.1869945Z,Number of regular files transferred: 2,,0
	2026-05-14T14:24:14.1981160Z,Total file size: 1.29K bytes,,0
	2026-05-14T14:24:14.2078067Z,Total transferred file size: 1.29K bytes,,0
	2026-05-14T14:24:14.2173255Z,Literal data: 1.29K bytes,,0
	2026-05-14T14:24:14.2275879Z,Matched data: 0 bytes,,0
	2026-05-14T14:24:14.2384523Z,File list size: 0,,0
	2026-05-14T14:24:14.2609937Z,File list generation time: 0.021 seconds,,0
	2026-05-14T14:24:14.3025037Z,File list transfer time: 0.000 seconds,,0
	2026-05-14T14:24:14.3435049Z,Total bytes sent: 1.15K,,0
	2026-05-14T14:24:14.3640720Z,Total bytes received: 60,,0
	2026-05-14T14:24:14.3733670Z,,,0
	2026-05-14T14:24:14.4115061Z,sent 1.15K bytes  received 60 bytes  2.43K bytes/sec,,0
	2026-05-14T14:24:14.4401095Z,total size is 1.29K  speedup is 1.06,,0
	2026-05-14T14:24:14.4532164Z,Attempt 1: Rsync for filelist /tmp//splits/split.aa completed with exit code 0,,0
	2026-05-14T14:24:14.4740389Z,,,0
	2026-05-14T14:24:14.4928339Z,Number of files: 3 (reg: 2&comma; dir: 1),,0
	2026-05-14T14:24:14.5028158Z,Number of created files: 3 (reg: 2&comma; dir: 1),,0
	2026-05-14T14:24:14.5144362Z,Number of deleted files: 0,,0
	2026-05-14T14:24:14.5224997Z,Number of regular files transferred: 2,,0
	2026-05-14T14:24:14.5326849Z,Total file size: 6.74K bytes,,0
	2026-05-14T14:24:14.5415998Z,Total transferred file size: 6.74K bytes,,0
	2026-05-14T14:24:14.5512848Z,Literal data: 6.74K bytes,,0
	2026-05-14T14:24:14.5626987Z,Matched data: 0 bytes,,0
	2026-05-14T14:24:14.5771147Z,File list size: 0,,0
	2026-05-14T14:24:14.5862652Z,File list generation time: 0.001 seconds,,0
	2026-05-14T14:24:14.5954896Z,File list transfer time: 0.000 seconds,,0
	2026-05-14T14:24:14.6067928Z,Total bytes sent: 3.24K,,0
	2026-05-14T14:24:14.6168634Z,Total bytes received: 57,,0
	2026-05-14T14:24:14.6257795Z,,,0
	2026-05-14T14:24:14.6349401Z,sent 3.24K bytes  received 57 bytes  6.59K bytes/sec,,0
	2026-05-14T14:24:14.6439148Z,total size is 6.74K  speedup is 2.04,,0
	2026-05-14T14:24:14.6542660Z,Attempt 1: Rsync for filelist /tmp//splits/split.ad completed with exit code 0,,0
	2026-05-14T14:24:14.6644644Z,,,0
	2026-05-14T14:24:14.6754656Z,Number of files: 2 (reg: 2),,0
	2026-05-14T14:24:14.6862060Z,Number of created files: 2 (reg: 2),,0
	2026-05-14T14:24:14.6971316Z,Number of deleted files: 0,,0
	2026-05-14T14:24:14.7065273Z,Number of regular files transferred: 2,,0
	2026-05-14T14:24:14.7283601Z,Total file size: 3.13K bytes,,0
	2026-05-14T14:24:14.7391577Z,Total transferred file size: 3.13K bytes,,0
	2026-05-14T14:24:14.7484857Z,Literal data: 3.13K bytes,,0
	2026-05-14T14:24:14.7821028Z,Matched data: 0 bytes,,0
	2026-05-14T14:24:14.8014092Z,File list size: 0,,0
	2026-05-14T14:24:14.8141697Z,File list generation time: 0.037 seconds,,0
	2026-05-14T14:24:14.8506048Z,File list transfer time: 0.000 seconds,,0
	2026-05-14T14:24:14.8593943Z,Total bytes sent: 1.62K,,0
	2026-05-14T14:24:14.8714061Z,Total bytes received: 54,,0
	2026-05-14T14:24:14.8935447Z,,,0
	2026-05-14T14:24:14.9118168Z,sent 1.62K bytes  received 54 bytes  3.35K bytes/sec,,0
	2026-05-14T14:24:14.9219150Z,total size is 3.13K  speedup is 1.87,,0
	2026-05-14T14:24:14.9307738Z,Attempt 1: Rsync for filelist /tmp//splits/split.ac completed with exit code 0,,0
	2026-05-14T14:24:14.9418675Z,,,0
	2026-05-14T14:24:14.9520108Z,Number of files: 3 (reg: 2&comma; dir: 1),,0
	2026-05-14T14:24:14.9611089Z,Number of created files: 2 (reg: 2),,0
	2026-05-14T14:24:14.9947296Z,Number of deleted files: 0,,0
	2026-05-14T14:24:15.0116005Z,Number of regular files transferred: 2,,0
	2026-05-14T14:24:15.0290120Z,Total file size: 4.17K bytes,,0
	2026-05-14T14:24:15.0379753Z,Total transferred file size: 4.17K bytes,,0
	2026-05-14T14:24:15.0823831Z,Literal data: 4.17K bytes,,0
	2026-05-14T14:24:15.0939324Z,Matched data: 0 bytes,,0
	2026-05-14T14:24:15.1057292Z,File list size: 0,,0
	2026-05-14T14:24:15.1170027Z,File list generation time: 0.106 seconds,,0
	2026-05-14T14:24:15.1302924Z,File list transfer time: 0.000 seconds,,0
	2026-05-14T14:24:15.1511093Z,Total bytes sent: 2.10K,,0
	2026-05-14T14:24:15.1604243Z,Total bytes received: 57,,0
	2026-05-14T14:24:15.1705011Z,,,0
	2026-05-14T14:24:15.1823205Z,sent 2.10K bytes  received 57 bytes  4.32K bytes/sec,,0
	2026-05-14T14:24:15.1928971Z,total size is 4.17K  speedup is 1.93,,0
	2026-05-14T14:24:15.2034173Z,Attempt 1: Rsync for filelist /tmp//splits/split.ae completed with exit code 0,,0
	2026-05-14T14:24:15.2241415Z,,,0
	2026-05-14T14:24:15.2354308Z,Number of files: 2 (reg: 2),,0
	2026-05-14T14:24:15.2451474Z,Number of created files: 2 (reg: 2),,0
	2026-05-14T14:24:15.2563885Z,Number of deleted files: 0,,0
	2026-05-14T14:24:15.2821019Z,Number of regular files transferred: 2,,0
	2026-05-14T14:24:15.2940982Z,Total file size: 13.53K bytes,,0
	2026-05-14T14:24:15.3045323Z,Total transferred file size: 13.53K bytes,,0
	2026-05-14T14:24:15.3234208Z,Literal data: 13.53K bytes,,0
	2026-05-14T14:24:15.3337092Z,Matched data: 0 bytes,,0
	2026-05-14T14:24:15.3424627Z,File list size: 0,,0
	2026-05-14T14:24:15.3547052Z,File list generation time: 0.001 seconds,,0
	2026-05-14T14:24:15.3635456Z,File list transfer time: 0.000 seconds,,0
	2026-05-14T14:24:15.3740144Z,Total bytes sent: 4.59K,,0
	2026-05-14T14:24:15.3842497Z,Total bytes received: 54,,0
	2026-05-14T14:24:15.3928654Z,,,0
	2026-05-14T14:24:15.4039473Z,sent 4.59K bytes  received 54 bytes  9.29K bytes/sec,,0
	2026-05-14T14:24:15.4317711Z,total size is 13.53K  speedup is 2.91,,0
	2026-05-14T14:24:15.4426104Z,Attempt 1: Rsync for filelist /tmp//splits/split.ab completed with exit code 0,,0
	2026-05-14T14:24:15.4664979Z,,,0
	2026-05-14T14:24:15.4771004Z,Number of files: 2 (reg: 2),,0
	2026-05-14T14:24:15.4877576Z,Number of created files: 2 (reg: 2),,0
	2026-05-14T14:24:15.5000685Z,Number of deleted files: 0,,0
	2026-05-14T14:24:15.5124169Z,Number of regular files transferred: 2,,0
	2026-05-14T14:24:15.5268563Z,Total file size: 6.45K bytes,,0
	2026-05-14T14:24:15.5457391Z,Total transferred file size: 6.45K bytes,,0
	2026-05-14T14:24:15.5581179Z,Literal data: 6.45K bytes,,0
	2026-05-14T14:24:15.5730047Z,Matched data: 0 bytes,,0
	2026-05-14T14:24:15.5860948Z,File list size: 0,,0
	2026-05-14T14:24:15.5963792Z,File list generation time: 0.001 seconds,,0
	2026-05-14T14:24:15.6067906Z,File list transfer time: 0.000 seconds,,0
	2026-05-14T14:24:15.6187848Z,Total bytes sent: 865,,0
	2026-05-14T14:24:15.6403540Z,Total bytes received: 54,,0
	2026-05-14T14:24:15.6504835Z,,,0
	2026-05-14T14:24:15.6620951Z,sent 865 bytes  received 54 bytes  1.84K bytes/sec,,0
	2026-05-14T14:24:15.6730099Z,total size is 6.45K  speedup is 7.02,,0
	2026-05-14T14:24:15.6837406Z,Attempt 1: Rsync for filelist /tmp//splits/split.af completed with exit code 0,,0
	2026-05-14T14:24:15.6979400Z,Completed successfully in 1 seconds,,0
2026-05-14T14:24:15.8243636Z,Build completed succesfully.,2224c681-89d0-4d11-8575-3fb1eeeddce3,0
2026-05-14T14:24:15.9542514Z,Running post deployment command(s)...,8345ea3f-bc63-4ef1-b449-6ad8fe7bd085,0
2026-05-14T14:24:16.0895175Z,Triggering container recycle for OneDeploy by adding/updating restartTrigger.txt to the site root path,515570c7-eb4b-4193-a39c-666a0bcea955,0
2026-05-14T14:24:16.2416453Z,Deployment successful. deployer = OneDeploy deploymentPath = OneDeploy,d0848e1f-cb24-44f3-b68f-0ee4e3c5895a,0
