2026-05-14T14:29:51.9995322Z,Updating submodules.,288beb46-4d59-4fa6-9555-cd4f7a348778,0
2026-05-14T14:29:53.4660883Z,Preparing deployment for commit id '087eb398-6'.,0ba225f3-52b6-4e9b-9c53-4845c0a8cdfa,0
2026-05-14T14:29:54.3716038Z,PreDeployment: context.CleanOutputPath False,2492d1de-931c-4404-aab5-779493710842,0
2026-05-14T14:29:55.0469088Z,PreDeployment: context.OutputPath /home/site/wwwroot,d5e8bbbd-1bdc-4530-9240-6331e270f499,0
2026-05-14T14:29:55.4490370Z,Running build. Project type: OneDeploy,5d5d1fbb-cd3d-4cd8-b2b2-04b16e06fe5c,0
2026-05-14T14:29:55.7139791Z,Copying the manifest,550584d3-d774-4f4d-a21c-7bcefed6fd3c,0
2026-05-14T14:29:56.1171230Z,Running deployment command...,ead465c6-b120-40b9-ab5e-21c4a0af1f2f,0
	2026-05-14T14:29:56.1566468Z,Command: /opt/Kudu/Scripts/parallel_rsync.sh /tmp/zipdeploy/extracted /home/site/wwwroot 8 /tmp/ False False  ,,0
	2026-05-14T14:29:56.5971057Z,Run rsync from: /tmp/zipdeploy/extracted/ to: /home/site/wwwroot/ in 8 parallel threads,,0
	2026-05-14T14:29:56.6789165Z,Delete options: clean=False&comma; use manifest=False&comma; directory to ignore=,,0
	2026-05-14T14:29:56.7454449Z,Prev manifest = /home/site/deployments/b25ee7c3-5001-4229-9e64-fa802ca374f2/manifest and next /home/site/deployments/087eb398-6412-47d8-b95b-df109e4e15b6/manifest,,0
	2026-05-14T14:29:56.8155828Z,Cleaning up /tmp//filelist.txt and /tmp//splits,,0
	2026-05-14T14:29:56.9262872Z,Creating a list of all files at /tmp//filelist.txt,,0
	2026-05-14T14:29:57.1244243Z,No directory to exclude.,,0
	2026-05-14T14:29:57.2504124Z,Created /tmp//filelist.txt. Total number of files to be synced = 13.,,0
	2026-05-14T14:29:57.3088812Z,Created batches from the list of files. Processing 2 files in each thread,,0
	2026-05-14T14:29:57.3949577Z,Running rsync for filelist /tmp//splits/split.aa from /tmp/zipdeploy/extracted/ to /home/site/wwwroot/,,0
	2026-05-14T14:29:57.6235329Z,Running rsync for filelist /tmp//splits/split.ab from /tmp/zipdeploy/extracted/ to /home/site/wwwroot/,,0
	2026-05-14T14:29:57.8696730Z,Running rsync for filelist /tmp//splits/split.ac from /tmp/zipdeploy/extracted/ to /home/site/wwwroot/,,0
	2026-05-14T14:29:58.0044130Z,Running rsync for filelist /tmp//splits/split.ad from /tmp/zipdeploy/extracted/ to /home/site/wwwroot/,,0
	2026-05-14T14:29:58.0742636Z,Running rsync for filelist /tmp//splits/split.af from /tmp/zipdeploy/extracted/ to /home/site/wwwroot/,,0
	2026-05-14T14:29:58.2084867Z,Running rsync for filelist /tmp//splits/split.ae from /tmp/zipdeploy/extracted/ to /home/site/wwwroot/,,0
	2026-05-14T14:29:58.3692379Z,,,0
	2026-05-14T14:29:58.5937397Z,Number of files: 4 (reg: 2&comma; dir: 2),,0
	2026-05-14T14:29:58.7845090Z,Number of created files: 0,,0
	2026-05-14T14:29:58.8428255Z,Number of deleted files: 0,,0
	2026-05-14T14:29:58.9958570Z,Number of regular files transferred: 0,,0
	2026-05-14T14:29:59.0934889Z,Total file size: 1.29K bytes,,0
	2026-05-14T14:29:59.1947753Z,Total transferred file size: 0 bytes,,0
	2026-05-14T14:29:59.3223036Z,Literal data: 0 bytes,,0
	2026-05-14T14:29:59.4003738Z,Matched data: 0 bytes,,0
	2026-05-14T14:29:59.4714637Z,File list size: 0,,0
	2026-05-14T14:29:59.5294988Z,File list generation time: 0.098 seconds,,0
	2026-05-14T14:29:59.5809411Z,File list transfer time: 0.000 seconds,,0
	2026-05-14T14:29:59.6767713Z,Total bytes sent: 207,,0
	2026-05-14T14:29:59.7930178Z,Total bytes received: 28,,0
	2026-05-14T14:29:59.8349799Z,,,0
	2026-05-14T14:30:00.0600341Z,sent 207 bytes  received 28 bytes  470.00 bytes/sec,,0
	2026-05-14T14:30:00.1693408Z,total size is 1.29K  speedup is 5.48,,0
	2026-05-14T14:30:00.2472924Z,Attempt 1: Rsync for filelist /tmp//splits/split.aa completed with exit code 0,,0
	2026-05-14T14:30:00.3576452Z,,,0
	2026-05-14T14:30:00.4233069Z,Number of files: 2 (reg: 2),,0
	2026-05-14T14:30:00.4983040Z,Number of created files: 0,,0
	2026-05-14T14:30:00.5954647Z,Number of deleted files: 0,,0
	2026-05-14T14:30:00.6773081Z,Number of regular files transferred: 0,,0
	2026-05-14T14:30:00.7464855Z,Total file size: 13.53K bytes,,0
	2026-05-14T14:30:00.7961208Z,Total transferred file size: 0 bytes,,0
	2026-05-14T14:30:00.8656246Z,Literal data: 0 bytes,,0
	2026-05-14T14:30:00.9436416Z,Matched data: 0 bytes,,0
	2026-05-14T14:30:01.0247996Z,File list size: 0,,0
	2026-05-14T14:30:01.0919754Z,File list generation time: 0.001 seconds,,0
	2026-05-14T14:30:01.2975084Z,File list transfer time: 0.000 seconds,,0
	2026-05-14T14:30:01.5027582Z,Total bytes sent: 139,,0
	2026-05-14T14:30:01.6313239Z,Total bytes received: 22,,0
	2026-05-14T14:30:01.6669438Z,,,0
	2026-05-14T14:30:01.6982463Z,sent 139 bytes  received 22 bytes  107.33 bytes/sec,,0
	2026-05-14T14:30:01.7393903Z,total size is 13.53K  speedup is 84.05,,0
	2026-05-14T14:30:01.8384015Z,Attempt 1: Rsync for filelist /tmp//splits/split.ab completed with exit code 0,,0
	2026-05-14T14:30:02.0434195Z,Running rsync for filelist /tmp//splits/split.ag from /tmp/zipdeploy/extracted/ to /home/site/wwwroot/,,0
	2026-05-14T14:30:02.1010845Z,,,0
	2026-05-14T14:30:02.1682633Z,Number of files: 3 (reg: 2&comma; dir: 1),,0
	2026-05-14T14:30:02.3401755Z,Number of created files: 0,,0
	2026-05-14T14:30:02.4042570Z,Number of deleted files: 0,,0
	2026-05-14T14:30:02.5750587Z,Number of regular files transferred: 0,,0
	2026-05-14T14:30:03.0776622Z,Total file size: 4.17K bytes,,0
	2026-05-14T14:30:03.4748689Z,Total transferred file size: 0 bytes,,0
	2026-05-14T14:30:03.7810934Z,Literal data: 0 bytes,,0
	2026-05-14T14:30:04.0491537Z,Matched data: 0 bytes,,0
	2026-05-14T14:30:04.4186465Z,File list size: 0,,0
	2026-05-14T14:30:04.5989277Z,File list generation time: 0.001 seconds,,0
	2026-05-14T14:30:04.8199850Z,File list transfer time: 0.000 seconds,,0
	2026-05-14T14:30:04.9383531Z,Total bytes sent: 172,,0
	2026-05-14T14:30:05.1439335Z,Total bytes received: 25,,0
	2026-05-14T14:30:05.2366237Z,,,0
	2026-05-14T14:30:05.4728864Z,sent 172 bytes  received 25 bytes  394.00 bytes/sec,,0
	2026-05-14T14:30:05.5785300Z,total size is 4.17K  speedup is 21.15,,0
	2026-05-14T14:30:05.7255358Z,Attempt 1: Rsync for filelist /tmp//splits/split.ae completed with exit code 0,,0
	2026-05-14T14:30:06.1793833Z,,,0
	2026-05-14T14:30:06.3669969Z,Number of files: 3 (reg: 2&comma; dir: 1),,0
	2026-05-14T14:30:06.5828413Z,Number of created files: 0,,0
	2026-05-14T14:30:06.7698174Z,Number of deleted files: 0,,0
	2026-05-14T14:30:06.8774265Z,Number of regular files transferred: 0,,0
	2026-05-14T14:30:07.0396946Z,Total file size: 6.74K bytes,,0
	2026-05-14T14:30:07.2067551Z,Total transferred file size: 0 bytes,,0
	2026-05-14T14:30:07.3896471Z,Literal data: 0 bytes,,0
	2026-05-14T14:30:07.5545158Z,Matched data: 0 bytes,,0
	2026-05-14T14:30:07.7936230Z,File list size: 0,,0
	2026-05-14T14:30:08.0419225Z,File list generation time: 0.001 seconds,,0
	2026-05-14T14:30:08.2011272Z,File list transfer time: 0.000 seconds,,0
	2026-05-14T14:30:08.3771076Z,Total bytes sent: 171,,0
	2026-05-14T14:30:08.5329411Z,Total bytes received: 25,,0
	2026-05-14T14:30:08.7000600Z,,,0
	2026-05-14T14:30:08.7660886Z,sent 171 bytes  received 25 bytes  130.67 bytes/sec,,0
	2026-05-14T14:30:08.8528804Z,total size is 6.74K  speedup is 34.39,,0
	2026-05-14T14:30:08.9724735Z,Attempt 1: Rsync for filelist /tmp//splits/split.ad completed with exit code 0,,0
	2026-05-14T14:30:09.2326237Z,,,0
	2026-05-14T14:30:09.3766896Z,Number of files: 2 (reg: 2),,0
	2026-05-14T14:30:09.5497042Z,Number of created files: 0,,0
	2026-05-14T14:30:09.6854227Z,Number of deleted files: 0,,0
	2026-05-14T14:30:09.9433241Z,Number of regular files transferred: 0,,0
	2026-05-14T14:30:10.0700054Z,Total file size: 6.45K bytes,,0
	2026-05-14T14:30:10.2964402Z,Total transferred file size: 0 bytes,,0
	2026-05-14T14:30:10.5498087Z,Literal data: 0 bytes,,0
	2026-05-14T14:30:10.6675556Z,Matched data: 0 bytes,,0
	2026-05-14T14:30:11.7093959Z,File list size: 0,,0
	2026-05-14T14:30:11.8611524Z,File list generation time: 0.216 seconds,,0
	2026-05-14T14:30:11.9760494Z,File list transfer time: 0.000 seconds,,0
	2026-05-14T14:30:12.1965055Z,Total bytes sent: 134,,0
	2026-05-14T14:30:12.4671840Z,Total bytes received: 22,,0
	2026-05-14T14:30:12.7223881Z,,,0
	2026-05-14T14:30:12.8992733Z,sent 134 bytes  received 22 bytes  312.00 bytes/sec,,0
	2026-05-14T14:30:13.3219295Z,total size is 6.45K  speedup is 41.35,,0
	2026-05-14T14:30:13.4130454Z,Attempt 1: Rsync for filelist /tmp//splits/split.af completed with exit code 0,,0
	2026-05-14T14:30:13.8869975Z,,,0
	2026-05-14T14:30:14.4614129Z,Number of files: 2 (reg: 2),,0
	2026-05-14T14:30:14.6216531Z,Number of created files: 0,,0
	2026-05-14T14:30:14.8090121Z,Number of deleted files: 0,,0
	2026-05-14T14:30:15.1921214Z,Number of regular files transferred: 0,,0
	2026-05-14T14:30:15.5286253Z,Total file size: 3.13K bytes,,0
	2026-05-14T14:30:15.6202094Z,Total transferred file size: 0 bytes,,0
	2026-05-14T14:30:15.7263285Z,Literal data: 0 bytes,,0
	2026-05-14T14:30:15.8766045Z,Matched data: 0 bytes,,0
	2026-05-14T14:30:15.9938500Z,File list size: 0,,0
	2026-05-14T14:30:16.1133364Z,File list generation time: 0.001 seconds,,0
	2026-05-14T14:30:16.1981695Z,File list transfer time: 0.000 seconds,,0
	2026-05-14T14:30:16.3441421Z,Total bytes sent: 136,,0
	2026-05-14T14:30:16.4428124Z,Total bytes received: 22,,0
	2026-05-14T14:30:16.5019753Z,,,0
	2026-05-14T14:30:16.6306362Z,sent 136 bytes  received 22 bytes  316.00 bytes/sec,,0
	2026-05-14T14:30:16.8062757Z,total size is 3.13K  speedup is 19.84,,0
	2026-05-14T14:30:16.9932209Z,Attempt 1: Rsync for filelist /tmp//splits/split.ac completed with exit code 0,,0
	2026-05-14T14:30:17.1667782Z,,,0
	2026-05-14T14:30:17.4014791Z,Number of files: 1 (reg: 1),,0
	2026-05-14T14:30:17.5897161Z,Number of created files: 0,,0
	2026-05-14T14:30:17.7741794Z,Number of deleted files: 0,,0
	2026-05-14T14:30:17.8316638Z,Number of regular files transferred: 0,,0
	2026-05-14T14:30:17.8915078Z,Total file size: 103 bytes,,0
	2026-05-14T14:30:18.1457652Z,Total transferred file size: 0 bytes,,0
	2026-05-14T14:30:18.4336278Z,Literal data: 0 bytes,,0
	2026-05-14T14:30:18.7698204Z,Matched data: 0 bytes,,0
	2026-05-14T14:30:18.8592724Z,File list size: 0,,0
	2026-05-14T14:30:18.8907333Z,File list generation time: 0.001 seconds,,0
	2026-05-14T14:30:19.2195896Z,File list transfer time: 0.000 seconds,,0
	2026-05-14T14:30:19.5945119Z,Total bytes sent: 111,,0
	2026-05-14T14:30:19.9180829Z,Total bytes received: 19,,0
	2026-05-14T14:30:20.8053045Z,,,0
	2026-05-14T14:30:20.9241040Z,sent 111 bytes  received 19 bytes  260.00 bytes/sec,,0
	2026-05-14T14:30:21.2790130Z,total size is 103  speedup is 0.79,,0
	2026-05-14T14:30:21.4168453Z,Attempt 1: Rsync for filelist /tmp//splits/split.ag completed with exit code 0,,0
	2026-05-14T14:30:21.5161961Z,Completed successfully in 2 seconds,,0
2026-05-14T14:30:23.6995325Z,Build completed succesfully.,e76966d2-1f25-465a-9579-824d132bce27,0
2026-05-14T14:30:25.3077079Z,Running post deployment command(s)...,17b0d191-98b6-4b99-b359-ef2062b2de5b,0
2026-05-14T14:30:27.9347315Z,Triggering container recycle for OneDeploy by adding/updating restartTrigger.txt to the site root path,ce7211dd-459c-434a-8e06-28320dc15343,0
2026-05-14T14:30:30.0606583Z,Deployment successful. deployer = OneDeploy deploymentPath = OneDeploy,624942da-c197-4268-83a0-6a91d4dda32d,0
